[2022-11-08T12:31:24.173+0530] {taskinstance.py:1165} INFO - Dependencies all met for <TaskInstance: our_first_dag_112d.first_task scheduled__2022-11-04T11:00:00+00:00 [queued]>
[2022-11-08T12:31:24.177+0530] {taskinstance.py:1165} INFO - Dependencies all met for <TaskInstance: our_first_dag_112d.first_task scheduled__2022-11-04T11:00:00+00:00 [queued]>
[2022-11-08T12:31:24.177+0530] {taskinstance.py:1362} INFO - 
--------------------------------------------------------------------------------
[2022-11-08T12:31:24.177+0530] {taskinstance.py:1363} INFO - Starting attempt 1 of 4
[2022-11-08T12:31:24.177+0530] {taskinstance.py:1364} INFO - 
--------------------------------------------------------------------------------
[2022-11-08T12:31:24.183+0530] {taskinstance.py:1383} INFO - Executing <Task(BashOperator): first_task> on 2022-11-04 11:00:00+00:00
[2022-11-08T12:31:24.184+0530] {standard_task_runner.py:55} INFO - Started process 8016 to run task
[2022-11-08T12:31:24.186+0530] {standard_task_runner.py:82} INFO - Running: ['airflow', 'tasks', 'run', 'our_first_dag_112d', 'first_task', 'scheduled__2022-11-04T11:00:00+00:00', '--job-id', '8', '--raw', '--subdir', '/home/haldia/office/dags/our_first_dag.py', '--cfg-path', '/tmp/tmplom6n8n3']
[2022-11-08T12:31:24.186+0530] {standard_task_runner.py:83} INFO - Job 8: Subtask first_task
[2022-11-08T12:31:24.208+0530] {task_command.py:376} INFO - Running <TaskInstance: our_first_dag_112d.first_task scheduled__2022-11-04T11:00:00+00:00 [running]> on host haldia-Katana-GF66-11UD
[2022-11-08T12:31:24.230+0530] {taskinstance.py:1590} INFO - Exporting the following env vars:
AIRFLOW_CTX_DAG_OWNER=haldi
AIRFLOW_CTX_DAG_ID=our_first_dag_112d
AIRFLOW_CTX_TASK_ID=first_task
AIRFLOW_CTX_EXECUTION_DATE=2022-11-04T11:00:00+00:00
AIRFLOW_CTX_TRY_NUMBER=1
AIRFLOW_CTX_DAG_RUN_ID=scheduled__2022-11-04T11:00:00+00:00
[2022-11-08T12:31:24.231+0530] {subprocess.py:63} INFO - Tmp dir root location: 
 /tmp
[2022-11-08T12:31:24.231+0530] {subprocess.py:75} INFO - Running command: ['/usr/bin/bash', '-c', 'echo hello ajc']
[2022-11-08T12:31:24.233+0530] {subprocess.py:86} INFO - Output:
[2022-11-08T12:31:24.233+0530] {subprocess.py:93} INFO - hello ajc
[2022-11-08T12:31:24.233+0530] {subprocess.py:97} INFO - Command exited with return code 0
[2022-11-08T12:31:24.241+0530] {taskinstance.py:1401} INFO - Marking task as SUCCESS. dag_id=our_first_dag_112d, task_id=first_task, execution_date=20221104T110000, start_date=20221108T070124, end_date=20221108T070124
[2022-11-08T12:31:24.277+0530] {local_task_job.py:164} INFO - Task exited with return code 0
[2022-11-08T12:31:24.298+0530] {local_task_job.py:273} INFO - 0 downstream tasks scheduled from follow-on schedule check
