[2022-11-03T17:21:09.248+0530] {taskinstance.py:1165} INFO - Dependencies all met for <TaskInstance: our_first_dag_112d.first_task scheduled__2022-11-02T11:00:00+00:00 [queued]>
[2022-11-03T17:21:09.251+0530] {taskinstance.py:1165} INFO - Dependencies all met for <TaskInstance: our_first_dag_112d.first_task scheduled__2022-11-02T11:00:00+00:00 [queued]>
[2022-11-03T17:21:09.251+0530] {taskinstance.py:1362} INFO - 
--------------------------------------------------------------------------------
[2022-11-03T17:21:09.251+0530] {taskinstance.py:1363} INFO - Starting attempt 1 of 4
[2022-11-03T17:21:09.251+0530] {taskinstance.py:1364} INFO - 
--------------------------------------------------------------------------------
[2022-11-03T17:21:09.257+0530] {taskinstance.py:1383} INFO - Executing <Task(BashOperator): first_task> on 2022-11-02 11:00:00+00:00
[2022-11-03T17:21:09.258+0530] {standard_task_runner.py:55} INFO - Started process 25100 to run task
[2022-11-03T17:21:09.259+0530] {standard_task_runner.py:82} INFO - Running: ['airflow', 'tasks', 'run', 'our_first_dag_112d', 'first_task', 'scheduled__2022-11-02T11:00:00+00:00', '--job-id', '4', '--raw', '--subdir', '/home/haldia/office/dags/our_first_dag.py', '--cfg-path', '/tmp/tmp2lt3fxnp']
[2022-11-03T17:21:09.260+0530] {standard_task_runner.py:83} INFO - Job 4: Subtask first_task
[2022-11-03T17:21:09.278+0530] {task_command.py:376} INFO - Running <TaskInstance: our_first_dag_112d.first_task scheduled__2022-11-02T11:00:00+00:00 [running]> on host haldia-Katana-GF66-11UD
[2022-11-03T17:21:09.300+0530] {taskinstance.py:1590} INFO - Exporting the following env vars:
AIRFLOW_CTX_DAG_OWNER=haldi
AIRFLOW_CTX_DAG_ID=our_first_dag_112d
AIRFLOW_CTX_TASK_ID=first_task
AIRFLOW_CTX_EXECUTION_DATE=2022-11-02T11:00:00+00:00
AIRFLOW_CTX_TRY_NUMBER=1
AIRFLOW_CTX_DAG_RUN_ID=scheduled__2022-11-02T11:00:00+00:00
[2022-11-03T17:21:09.300+0530] {subprocess.py:63} INFO - Tmp dir root location: 
 /tmp
[2022-11-03T17:21:09.301+0530] {subprocess.py:75} INFO - Running command: ['/usr/bin/bash', '-c', 'echo hello ajc']
[2022-11-03T17:21:09.303+0530] {subprocess.py:86} INFO - Output:
[2022-11-03T17:21:09.303+0530] {subprocess.py:93} INFO - hello ajc
[2022-11-03T17:21:09.304+0530] {subprocess.py:97} INFO - Command exited with return code 0
[2022-11-03T17:21:09.311+0530] {taskinstance.py:1401} INFO - Marking task as SUCCESS. dag_id=our_first_dag_112d, task_id=first_task, execution_date=20221102T110000, start_date=20221103T115109, end_date=20221103T115109
[2022-11-03T17:21:09.351+0530] {local_task_job.py:164} INFO - Task exited with return code 0
[2022-11-03T17:21:09.373+0530] {local_task_job.py:273} INFO - 0 downstream tasks scheduled from follow-on schedule check
