[2022-11-08T12:31:43.914+0530] {taskinstance.py:1165} INFO - Dependencies all met for <TaskInstance: our_first_dag_1.2.welcome scheduled__2022-11-04T11:00:00+00:00 [queued]>
[2022-11-08T12:31:43.918+0530] {taskinstance.py:1165} INFO - Dependencies all met for <TaskInstance: our_first_dag_1.2.welcome scheduled__2022-11-04T11:00:00+00:00 [queued]>
[2022-11-08T12:31:43.918+0530] {taskinstance.py:1362} INFO - 
--------------------------------------------------------------------------------
[2022-11-08T12:31:43.918+0530] {taskinstance.py:1363} INFO - Starting attempt 1 of 4
[2022-11-08T12:31:43.918+0530] {taskinstance.py:1364} INFO - 
--------------------------------------------------------------------------------
[2022-11-08T12:31:43.924+0530] {taskinstance.py:1383} INFO - Executing <Task(PythonOperator): welcome> on 2022-11-04 11:00:00+00:00
[2022-11-08T12:31:43.925+0530] {standard_task_runner.py:55} INFO - Started process 8129 to run task
[2022-11-08T12:31:43.927+0530] {standard_task_runner.py:82} INFO - Running: ['airflow', 'tasks', 'run', 'our_first_dag_1.2', 'welcome', 'scheduled__2022-11-04T11:00:00+00:00', '--job-id', '16', '--raw', '--subdir', '/home/haldia/office/dags/first_script_Python_operator.py', '--cfg-path', '/tmp/tmpz6dbdsb0']
[2022-11-08T12:31:43.927+0530] {standard_task_runner.py:83} INFO - Job 16: Subtask welcome
[2022-11-08T12:31:43.949+0530] {task_command.py:376} INFO - Running <TaskInstance: our_first_dag_1.2.welcome scheduled__2022-11-04T11:00:00+00:00 [running]> on host haldia-Katana-GF66-11UD
[2022-11-08T12:31:43.973+0530] {taskinstance.py:1590} INFO - Exporting the following env vars:
AIRFLOW_CTX_DAG_OWNER=haldi
AIRFLOW_CTX_DAG_ID=our_first_dag_1.2
AIRFLOW_CTX_TASK_ID=welcome
AIRFLOW_CTX_EXECUTION_DATE=2022-11-04T11:00:00+00:00
AIRFLOW_CTX_TRY_NUMBER=1
AIRFLOW_CTX_DAG_RUN_ID=scheduled__2022-11-04T11:00:00+00:00
[2022-11-08T12:31:43.974+0530] {logging_mixin.py:120} INFO - welcome to airflow
[2022-11-08T12:31:43.974+0530] {python.py:177} INFO - Done. Returned value was: None
[2022-11-08T12:31:43.976+0530] {taskinstance.py:1401} INFO - Marking task as SUCCESS. dag_id=our_first_dag_1.2, task_id=welcome, execution_date=20221104T110000, start_date=20221108T070143, end_date=20221108T070143
[2022-11-08T12:31:44.018+0530] {local_task_job.py:164} INFO - Task exited with return code 0
[2022-11-08T12:31:44.025+0530] {local_task_job.py:273} INFO - 0 downstream tasks scheduled from follow-on schedule check
