[2022-11-08T12:31:41.193+0530] {taskinstance.py:1165} INFO - Dependencies all met for <TaskInstance: our_first_dag_1.2.welcome manual__2022-11-08T07:01:38.733378+00:00 [queued]>
[2022-11-08T12:31:41.196+0530] {taskinstance.py:1165} INFO - Dependencies all met for <TaskInstance: our_first_dag_1.2.welcome manual__2022-11-08T07:01:38.733378+00:00 [queued]>
[2022-11-08T12:31:41.197+0530] {taskinstance.py:1362} INFO - 
--------------------------------------------------------------------------------
[2022-11-08T12:31:41.197+0530] {taskinstance.py:1363} INFO - Starting attempt 1 of 4
[2022-11-08T12:31:41.197+0530] {taskinstance.py:1364} INFO - 
--------------------------------------------------------------------------------
[2022-11-08T12:31:41.203+0530] {taskinstance.py:1383} INFO - Executing <Task(PythonOperator): welcome> on 2022-11-08 07:01:38.733378+00:00
[2022-11-08T12:31:41.204+0530] {standard_task_runner.py:55} INFO - Started process 8112 to run task
[2022-11-08T12:31:41.206+0530] {standard_task_runner.py:82} INFO - Running: ['airflow', 'tasks', 'run', 'our_first_dag_1.2', 'welcome', 'manual__2022-11-08T07:01:38.733378+00:00', '--job-id', '13', '--raw', '--subdir', '/home/haldia/office/dags/first_script_Python_operator.py', '--cfg-path', '/tmp/tmpok75ve6e']
[2022-11-08T12:31:41.206+0530] {standard_task_runner.py:83} INFO - Job 13: Subtask welcome
[2022-11-08T12:31:41.226+0530] {task_command.py:376} INFO - Running <TaskInstance: our_first_dag_1.2.welcome manual__2022-11-08T07:01:38.733378+00:00 [running]> on host haldia-Katana-GF66-11UD
[2022-11-08T12:31:41.249+0530] {taskinstance.py:1590} INFO - Exporting the following env vars:
AIRFLOW_CTX_DAG_OWNER=haldi
AIRFLOW_CTX_DAG_ID=our_first_dag_1.2
AIRFLOW_CTX_TASK_ID=welcome
AIRFLOW_CTX_EXECUTION_DATE=2022-11-08T07:01:38.733378+00:00
AIRFLOW_CTX_TRY_NUMBER=1
AIRFLOW_CTX_DAG_RUN_ID=manual__2022-11-08T07:01:38.733378+00:00
[2022-11-08T12:31:41.249+0530] {logging_mixin.py:120} INFO - welcome to airflow
[2022-11-08T12:31:41.249+0530] {python.py:177} INFO - Done. Returned value was: None
[2022-11-08T12:31:41.251+0530] {taskinstance.py:1401} INFO - Marking task as SUCCESS. dag_id=our_first_dag_1.2, task_id=welcome, execution_date=20221108T070138, start_date=20221108T070141, end_date=20221108T070141
[2022-11-08T12:31:41.257+0530] {local_task_job.py:164} INFO - Task exited with return code 0
[2022-11-08T12:31:41.263+0530] {local_task_job.py:273} INFO - 0 downstream tasks scheduled from follow-on schedule check
