[2022-11-03T17:15:30.884+0530] {manager.py:483} INFO - Processing files using up to 1 processes at a time 
[2022-11-03T17:15:30.884+0530] {manager.py:484} INFO - Process each file at most once every 30 seconds
[2022-11-03T17:15:30.884+0530] {manager.py:485} INFO - Checking for new files in /home/haldia/office/dags every 300 seconds
[2022-11-03T17:15:30.884+0530] {manager.py:724} INFO - Searching for files in /home/haldia/office/dags
[2022-11-03T17:15:30.885+0530] {manager.py:727} INFO - There are 1 files in /home/haldia/office/dags
[2022-11-03T17:15:31.115+0530] {manager.py:846} INFO - 
================================================================================
DAG File Processing Stats

File Path                                  PID    Runtime      # DAGs    # Errors  Last Runtime    Last Run
-----------------------------------------  -----  ---------  --------  ----------  --------------  -------------------
/home/haldia/office/dags/our_first_dag.py                           1           0  0.20s           2022-11-03T11:45:31
================================================================================
[2022-11-03T17:16:01.268+0530] {manager.py:846} INFO - 
================================================================================
DAG File Processing Stats

File Path                                  PID    Runtime      # DAGs    # Errors  Last Runtime    Last Run
-----------------------------------------  -----  ---------  --------  ----------  --------------  -------------------
/home/haldia/office/dags/our_first_dag.py                           1           0  0.11s           2022-11-03T11:46:01
================================================================================
[2022-11-03T17:16:31.386+0530] {manager.py:846} INFO - 
================================================================================
DAG File Processing Stats

File Path                                  PID    Runtime      # DAGs    # Errors  Last Runtime    Last Run
-----------------------------------------  -----  ---------  --------  ----------  --------------  -------------------
/home/haldia/office/dags/our_first_dag.py                           1           0  0.10s           2022-11-03T11:46:31
================================================================================
[2022-11-03T17:17:01.678+0530] {manager.py:846} INFO - 
================================================================================
DAG File Processing Stats

File Path                                  PID    Runtime      # DAGs    # Errors  Last Runtime    Last Run
-----------------------------------------  -----  ---------  --------  ----------  --------------  -------------------
/home/haldia/office/dags/our_first_dag.py                           1           0  0.10s           2022-11-03T11:47:01
================================================================================
[2022-11-03T17:17:31.958+0530] {manager.py:846} INFO - 
================================================================================
DAG File Processing Stats

File Path                                  PID    Runtime      # DAGs    # Errors  Last Runtime    Last Run
-----------------------------------------  -----  ---------  --------  ----------  --------------  -------------------
/home/haldia/office/dags/our_first_dag.py                           1           0  0.10s           2022-11-03T11:47:31
================================================================================
[2022-11-03T17:18:02.252+0530] {manager.py:846} INFO - 
================================================================================
DAG File Processing Stats

File Path                                  PID    Runtime      # DAGs    # Errors  Last Runtime    Last Run
-----------------------------------------  -----  ---------  --------  ----------  --------------  -------------------
/home/haldia/office/dags/our_first_dag.py                           1           0  0.10s           2022-11-03T11:48:02
================================================================================
[2022-11-03T17:18:32.348+0530] {manager.py:846} INFO - 
================================================================================
DAG File Processing Stats

File Path                                  PID    Runtime      # DAGs    # Errors  Last Runtime    Last Run
-----------------------------------------  -----  ---------  --------  ----------  --------------  -------------------
/home/haldia/office/dags/our_first_dag.py                           1           0  0.10s           2022-11-03T11:48:32
================================================================================
[2022-11-03T17:19:02.776+0530] {manager.py:846} INFO - 
================================================================================
DAG File Processing Stats

File Path                                  PID    Runtime      # DAGs    # Errors  Last Runtime    Last Run
-----------------------------------------  -----  ---------  --------  ----------  --------------  -------------------
/home/haldia/office/dags/our_first_dag.py                           1           0  0.10s           2022-11-03T11:49:02
================================================================================
[2022-11-03T17:19:33.043+0530] {manager.py:846} INFO - 
================================================================================
DAG File Processing Stats

File Path                                  PID    Runtime      # DAGs    # Errors  Last Runtime    Last Run
-----------------------------------------  -----  ---------  --------  ----------  --------------  -------------------
/home/haldia/office/dags/our_first_dag.py                           1           0  0.10s           2022-11-03T11:49:33
================================================================================
[2022-11-03T17:20:03.284+0530] {manager.py:846} INFO - 
================================================================================
DAG File Processing Stats

File Path                                  PID    Runtime      # DAGs    # Errors  Last Runtime    Last Run
-----------------------------------------  -----  ---------  --------  ----------  --------------  -------------------
/home/haldia/office/dags/our_first_dag.py                           1           0  0.20s           2022-11-03T11:50:03
================================================================================
[2022-11-03T17:20:30.894+0530] {manager.py:724} INFO - Searching for files in /home/haldia/office/dags
[2022-11-03T17:20:30.894+0530] {manager.py:727} INFO - There are 1 files in /home/haldia/office/dags
[2022-11-03T17:20:33.754+0530] {manager.py:846} INFO - 
================================================================================
DAG File Processing Stats

File Path                                  PID    Runtime      # DAGs    # Errors  Last Runtime    Last Run
-----------------------------------------  -----  ---------  --------  ----------  --------------  -------------------
/home/haldia/office/dags/our_first_dag.py                           1           0  0.20s           2022-11-03T11:50:33
================================================================================
[2022-11-03T17:21:04.012+0530] {manager.py:846} INFO - 
================================================================================
DAG File Processing Stats

File Path                                  PID    Runtime      # DAGs    # Errors  Last Runtime    Last Run
-----------------------------------------  -----  ---------  --------  ----------  --------------  -------------------
/home/haldia/office/dags/our_first_dag.py                           1           0  0.20s           2022-11-03T11:51:04
================================================================================
[2022-11-03T17:21:34.467+0530] {manager.py:846} INFO - 
================================================================================
DAG File Processing Stats

File Path                                  PID    Runtime      # DAGs    # Errors  Last Runtime    Last Run
-----------------------------------------  -----  ---------  --------  ----------  --------------  -------------------
/home/haldia/office/dags/our_first_dag.py                           1           0  0.20s           2022-11-03T11:51:34
================================================================================
[2022-11-03T17:22:04.802+0530] {manager.py:846} INFO - 
================================================================================
DAG File Processing Stats

File Path                                  PID    Runtime      # DAGs    # Errors  Last Runtime    Last Run
-----------------------------------------  -----  ---------  --------  ----------  --------------  -------------------
/home/haldia/office/dags/our_first_dag.py                           1           0  0.20s           2022-11-03T11:52:04
================================================================================
[2022-11-03T17:22:35.279+0530] {manager.py:846} INFO - 
================================================================================
DAG File Processing Stats

File Path                                  PID    Runtime      # DAGs    # Errors  Last Runtime    Last Run
-----------------------------------------  -----  ---------  --------  ----------  --------------  -------------------
/home/haldia/office/dags/our_first_dag.py                           1           0  0.20s           2022-11-03T11:52:35
================================================================================
[2022-11-03T17:23:05.683+0530] {manager.py:846} INFO - 
================================================================================
DAG File Processing Stats

File Path                                  PID    Runtime      # DAGs    # Errors  Last Runtime    Last Run
-----------------------------------------  -----  ---------  --------  ----------  --------------  -------------------
/home/haldia/office/dags/our_first_dag.py                           1           0  0.20s           2022-11-03T11:53:05
================================================================================
[2022-11-03T17:23:36.043+0530] {manager.py:846} INFO - 
================================================================================
DAG File Processing Stats

File Path                                  PID    Runtime      # DAGs    # Errors  Last Runtime    Last Run
-----------------------------------------  -----  ---------  --------  ----------  --------------  -------------------
/home/haldia/office/dags/our_first_dag.py                           1           0  0.20s           2022-11-03T11:53:36
================================================================================
[2022-11-03T17:24:06.060+0530] {manager.py:846} INFO - 
================================================================================
DAG File Processing Stats

File Path                                  PID    Runtime      # DAGs    # Errors  Last Runtime    Last Run
-----------------------------------------  -----  ---------  --------  ----------  --------------  -------------------
/home/haldia/office/dags/our_first_dag.py                           1           0  0.20s           2022-11-03T11:54:06
================================================================================
[2022-11-03T17:24:36.287+0530] {manager.py:846} INFO - 
================================================================================
DAG File Processing Stats

File Path                                  PID    Runtime      # DAGs    # Errors  Last Runtime    Last Run
-----------------------------------------  -----  ---------  --------  ----------  --------------  -------------------
/home/haldia/office/dags/our_first_dag.py                           1           0  0.20s           2022-11-03T11:54:36
================================================================================
[2022-11-03T17:25:06.635+0530] {manager.py:846} INFO - 
================================================================================
DAG File Processing Stats

File Path                                  PID    Runtime      # DAGs    # Errors  Last Runtime    Last Run
-----------------------------------------  -----  ---------  --------  ----------  --------------  -------------------
/home/haldia/office/dags/our_first_dag.py                           1           0  0.20s           2022-11-03T11:55:06
================================================================================
[2022-11-03T17:25:31.080+0530] {manager.py:724} INFO - Searching for files in /home/haldia/office/dags
[2022-11-03T17:25:31.081+0530] {manager.py:727} INFO - There are 1 files in /home/haldia/office/dags
[2022-11-03T17:25:37.495+0530] {manager.py:846} INFO - 
================================================================================
DAG File Processing Stats

File Path                                  PID    Runtime      # DAGs    # Errors  Last Runtime    Last Run
-----------------------------------------  -----  ---------  --------  ----------  --------------  -------------------
/home/haldia/office/dags/our_first_dag.py                           1           0  0.10s           2022-11-03T11:55:37
================================================================================
[2022-11-03T17:26:07.775+0530] {manager.py:846} INFO - 
================================================================================
DAG File Processing Stats

File Path                                  PID    Runtime      # DAGs    # Errors  Last Runtime    Last Run
-----------------------------------------  -----  ---------  --------  ----------  --------------  -------------------
/home/haldia/office/dags/our_first_dag.py                           1           0  0.10s           2022-11-03T11:56:07
================================================================================
[2022-11-03T17:26:38.054+0530] {manager.py:846} INFO - 
================================================================================
DAG File Processing Stats

File Path                                  PID    Runtime      # DAGs    # Errors  Last Runtime    Last Run
-----------------------------------------  -----  ---------  --------  ----------  --------------  -------------------
/home/haldia/office/dags/our_first_dag.py                           1           0  0.10s           2022-11-03T11:56:38
================================================================================
[2022-11-03T17:27:08.345+0530] {manager.py:846} INFO - 
================================================================================
DAG File Processing Stats

File Path                                  PID    Runtime      # DAGs    # Errors  Last Runtime    Last Run
-----------------------------------------  -----  ---------  --------  ----------  --------------  -------------------
/home/haldia/office/dags/our_first_dag.py                           1           0  0.10s           2022-11-03T11:57:08
================================================================================
[2022-11-03T17:27:38.644+0530] {manager.py:846} INFO - 
================================================================================
DAG File Processing Stats

File Path                                  PID    Runtime      # DAGs    # Errors  Last Runtime    Last Run
-----------------------------------------  -----  ---------  --------  ----------  --------------  -------------------
/home/haldia/office/dags/our_first_dag.py                           1           0  0.10s           2022-11-03T11:57:38
================================================================================
[2022-11-03T17:28:08.844+0530] {manager.py:846} INFO - 
================================================================================
DAG File Processing Stats

File Path                                  PID    Runtime      # DAGs    # Errors  Last Runtime    Last Run
-----------------------------------------  -----  ---------  --------  ----------  --------------  -------------------
/home/haldia/office/dags/our_first_dag.py                           1           0  0.10s           2022-11-03T11:58:08
================================================================================
[2022-11-03T17:28:39.129+0530] {manager.py:846} INFO - 
================================================================================
DAG File Processing Stats

File Path                                  PID    Runtime      # DAGs    # Errors  Last Runtime    Last Run
-----------------------------------------  -----  ---------  --------  ----------  --------------  -------------------
/home/haldia/office/dags/our_first_dag.py                           1           0  0.10s           2022-11-03T11:58:39
================================================================================
[2022-11-03T17:29:09.438+0530] {manager.py:846} INFO - 
================================================================================
DAG File Processing Stats

File Path                                  PID    Runtime      # DAGs    # Errors  Last Runtime    Last Run
-----------------------------------------  -----  ---------  --------  ----------  --------------  -------------------
/home/haldia/office/dags/our_first_dag.py                           1           0  0.10s           2022-11-03T11:59:09
================================================================================
[2022-11-03T17:29:39.718+0530] {manager.py:846} INFO - 
================================================================================
DAG File Processing Stats

File Path                                  PID    Runtime      # DAGs    # Errors  Last Runtime    Last Run
-----------------------------------------  -----  ---------  --------  ----------  --------------  -------------------
/home/haldia/office/dags/our_first_dag.py                           1           0  0.10s           2022-11-03T11:59:39
================================================================================
[2022-11-03T17:30:09.926+0530] {manager.py:846} INFO - 
================================================================================
DAG File Processing Stats

File Path                                  PID    Runtime      # DAGs    # Errors  Last Runtime    Last Run
-----------------------------------------  -----  ---------  --------  ----------  --------------  -------------------
/home/haldia/office/dags/our_first_dag.py                           1           0  0.10s           2022-11-03T12:00:09
================================================================================
[2022-11-03T17:30:31.226+0530] {manager.py:724} INFO - Searching for files in /home/haldia/office/dags
[2022-11-03T17:30:31.227+0530] {manager.py:727} INFO - There are 1 files in /home/haldia/office/dags
[2022-11-03T17:30:40.217+0530] {manager.py:846} INFO - 
================================================================================
DAG File Processing Stats

File Path                                  PID    Runtime      # DAGs    # Errors  Last Runtime    Last Run
-----------------------------------------  -----  ---------  --------  ----------  --------------  -------------------
/home/haldia/office/dags/our_first_dag.py                           1           0  0.10s           2022-11-03T12:00:40
================================================================================
[2022-11-03T17:31:10.519+0530] {manager.py:846} INFO - 
================================================================================
DAG File Processing Stats

File Path                                  PID    Runtime      # DAGs    # Errors  Last Runtime    Last Run
-----------------------------------------  -----  ---------  --------  ----------  --------------  -------------------
/home/haldia/office/dags/our_first_dag.py                           1           0  0.11s           2022-11-03T12:01:10
================================================================================
[2022-11-03T17:31:40.793+0530] {manager.py:846} INFO - 
================================================================================
DAG File Processing Stats

File Path                                  PID    Runtime      # DAGs    # Errors  Last Runtime    Last Run
-----------------------------------------  -----  ---------  --------  ----------  --------------  -------------------
/home/haldia/office/dags/our_first_dag.py                           1           0  0.10s           2022-11-03T12:01:40
================================================================================
[2022-11-03T17:32:11.085+0530] {manager.py:846} INFO - 
================================================================================
DAG File Processing Stats

File Path                                  PID    Runtime      # DAGs    # Errors  Last Runtime    Last Run
-----------------------------------------  -----  ---------  --------  ----------  --------------  -------------------
/home/haldia/office/dags/our_first_dag.py                           1           0  0.10s           2022-11-03T12:02:11
================================================================================
[2022-11-03T17:32:41.400+0530] {manager.py:846} INFO - 
================================================================================
DAG File Processing Stats

File Path                                  PID    Runtime      # DAGs    # Errors  Last Runtime    Last Run
-----------------------------------------  -----  ---------  --------  ----------  --------------  -------------------
/home/haldia/office/dags/our_first_dag.py                           1           0  0.11s           2022-11-03T12:02:41
================================================================================
[2022-11-03T17:33:11.708+0530] {manager.py:846} INFO - 
================================================================================
DAG File Processing Stats

File Path                                  PID    Runtime      # DAGs    # Errors  Last Runtime    Last Run
-----------------------------------------  -----  ---------  --------  ----------  --------------  -------------------
/home/haldia/office/dags/our_first_dag.py                           1           0  0.11s           2022-11-03T12:03:11
================================================================================
[2022-11-03T17:33:41.945+0530] {manager.py:846} INFO - 
================================================================================
DAG File Processing Stats

File Path                                  PID    Runtime      # DAGs    # Errors  Last Runtime    Last Run
-----------------------------------------  -----  ---------  --------  ----------  --------------  -------------------
/home/haldia/office/dags/our_first_dag.py                           1           0  0.10s           2022-11-03T12:03:41
================================================================================
[2022-11-03T17:34:12.223+0530] {manager.py:846} INFO - 
================================================================================
DAG File Processing Stats

File Path                                  PID    Runtime      # DAGs    # Errors  Last Runtime    Last Run
-----------------------------------------  -----  ---------  --------  ----------  --------------  -------------------
/home/haldia/office/dags/our_first_dag.py                           1           0  0.10s           2022-11-03T12:04:12
================================================================================
[2022-11-03T17:34:42.384+0530] {manager.py:846} INFO - 
================================================================================
DAG File Processing Stats

File Path                                  PID    Runtime      # DAGs    # Errors  Last Runtime    Last Run
-----------------------------------------  -----  ---------  --------  ----------  --------------  -------------------
/home/haldia/office/dags/our_first_dag.py                           1           0  0.10s           2022-11-03T12:04:42
================================================================================
[2022-11-03T17:35:12.671+0530] {manager.py:846} INFO - 
================================================================================
DAG File Processing Stats

File Path                                  PID    Runtime      # DAGs    # Errors  Last Runtime    Last Run
-----------------------------------------  -----  ---------  --------  ----------  --------------  -------------------
/home/haldia/office/dags/our_first_dag.py                           1           0  0.11s           2022-11-03T12:05:12
================================================================================
[2022-11-03T17:35:31.372+0530] {manager.py:724} INFO - Searching for files in /home/haldia/office/dags
[2022-11-03T17:35:31.372+0530] {manager.py:727} INFO - There are 1 files in /home/haldia/office/dags
[2022-11-03T17:35:42.942+0530] {manager.py:846} INFO - 
================================================================================
DAG File Processing Stats

File Path                                  PID    Runtime      # DAGs    # Errors  Last Runtime    Last Run
-----------------------------------------  -----  ---------  --------  ----------  --------------  -------------------
/home/haldia/office/dags/our_first_dag.py                           1           0  0.10s           2022-11-03T12:05:42
================================================================================
[2022-11-03T17:36:13.233+0530] {manager.py:846} INFO - 
================================================================================
DAG File Processing Stats

File Path                                  PID    Runtime      # DAGs    # Errors  Last Runtime    Last Run
-----------------------------------------  -----  ---------  --------  ----------  --------------  -------------------
/home/haldia/office/dags/our_first_dag.py                           1           0  0.10s           2022-11-03T12:06:13
================================================================================
[2022-11-03T17:36:43.480+0530] {manager.py:846} INFO - 
================================================================================
DAG File Processing Stats

File Path                                  PID    Runtime      # DAGs    # Errors  Last Runtime    Last Run
-----------------------------------------  -----  ---------  --------  ----------  --------------  -------------------
/home/haldia/office/dags/our_first_dag.py                           1           0  0.10s           2022-11-03T12:06:43
================================================================================
[2022-11-03T17:37:13.799+0530] {manager.py:846} INFO - 
================================================================================
DAG File Processing Stats

File Path                                  PID    Runtime      # DAGs    # Errors  Last Runtime    Last Run
-----------------------------------------  -----  ---------  --------  ----------  --------------  -------------------
/home/haldia/office/dags/our_first_dag.py                           1           0  0.11s           2022-11-03T12:07:13
================================================================================
[2022-11-03T17:37:44.087+0530] {manager.py:846} INFO - 
================================================================================
DAG File Processing Stats

File Path                                  PID    Runtime      # DAGs    # Errors  Last Runtime    Last Run
-----------------------------------------  -----  ---------  --------  ----------  --------------  -------------------
/home/haldia/office/dags/our_first_dag.py                           1           0  0.10s           2022-11-03T12:07:44
================================================================================
[2022-11-03T17:38:14.395+0530] {manager.py:846} INFO - 
================================================================================
DAG File Processing Stats

File Path                                  PID    Runtime      # DAGs    # Errors  Last Runtime    Last Run
-----------------------------------------  -----  ---------  --------  ----------  --------------  -------------------
/home/haldia/office/dags/our_first_dag.py                           1           0  0.11s           2022-11-03T12:08:14
================================================================================
[2022-11-03T17:38:44.414+0530] {manager.py:846} INFO - 
================================================================================
DAG File Processing Stats

File Path                                  PID    Runtime      # DAGs    # Errors  Last Runtime    Last Run
-----------------------------------------  -----  ---------  --------  ----------  --------------  -------------------
/home/haldia/office/dags/our_first_dag.py                           1           0  0.10s           2022-11-03T12:08:44
================================================================================
[2022-11-03T17:39:14.868+0530] {manager.py:846} INFO - 
================================================================================
DAG File Processing Stats

File Path                                  PID    Runtime      # DAGs    # Errors  Last Runtime    Last Run
-----------------------------------------  -----  ---------  --------  ----------  --------------  -------------------
/home/haldia/office/dags/our_first_dag.py                           1           0  0.10s           2022-11-03T12:09:14
================================================================================
[2022-11-03T17:39:45.154+0530] {manager.py:846} INFO - 
================================================================================
DAG File Processing Stats

File Path                                  PID    Runtime      # DAGs    # Errors  Last Runtime    Last Run
-----------------------------------------  -----  ---------  --------  ----------  --------------  -------------------
/home/haldia/office/dags/our_first_dag.py                           1           0  0.10s           2022-11-03T12:09:45
================================================================================
[2022-11-03T17:40:15.436+0530] {manager.py:846} INFO - 
================================================================================
DAG File Processing Stats

File Path                                  PID    Runtime      # DAGs    # Errors  Last Runtime    Last Run
-----------------------------------------  -----  ---------  --------  ----------  --------------  -------------------
/home/haldia/office/dags/our_first_dag.py                           1           0  0.10s           2022-11-03T12:10:15
================================================================================
[2022-11-03T17:40:31.523+0530] {manager.py:724} INFO - Searching for files in /home/haldia/office/dags
[2022-11-03T17:40:31.523+0530] {manager.py:727} INFO - There are 1 files in /home/haldia/office/dags
[2022-11-03T17:40:45.716+0530] {manager.py:846} INFO - 
================================================================================
DAG File Processing Stats

File Path                                  PID    Runtime      # DAGs    # Errors  Last Runtime    Last Run
-----------------------------------------  -----  ---------  --------  ----------  --------------  -------------------
/home/haldia/office/dags/our_first_dag.py                           1           0  0.10s           2022-11-03T12:10:45
================================================================================
[2022-11-03T17:41:15.885+0530] {manager.py:846} INFO - 
================================================================================
DAG File Processing Stats

File Path                                  PID    Runtime      # DAGs    # Errors  Last Runtime    Last Run
-----------------------------------------  -----  ---------  --------  ----------  --------------  -------------------
/home/haldia/office/dags/our_first_dag.py                           1           0  0.10s           2022-11-03T12:11:15
================================================================================
[2022-11-03T17:41:46.197+0530] {manager.py:846} INFO - 
================================================================================
DAG File Processing Stats

File Path                                  PID    Runtime      # DAGs    # Errors  Last Runtime    Last Run
-----------------------------------------  -----  ---------  --------  ----------  --------------  -------------------
/home/haldia/office/dags/our_first_dag.py                           1           0  0.10s           2022-11-03T12:11:46
================================================================================
[2022-11-03T17:42:16.484+0530] {manager.py:846} INFO - 
================================================================================
DAG File Processing Stats

File Path                                  PID    Runtime      # DAGs    # Errors  Last Runtime    Last Run
-----------------------------------------  -----  ---------  --------  ----------  --------------  -------------------
/home/haldia/office/dags/our_first_dag.py                           1           0  0.11s           2022-11-03T12:12:16
================================================================================
[2022-11-03T17:42:46.633+0530] {manager.py:846} INFO - 
================================================================================
DAG File Processing Stats

File Path                                  PID    Runtime      # DAGs    # Errors  Last Runtime    Last Run
-----------------------------------------  -----  ---------  --------  ----------  --------------  -------------------
/home/haldia/office/dags/our_first_dag.py                           1           0  0.10s           2022-11-03T12:12:46
================================================================================
[2022-11-03T17:43:17.049+0530] {manager.py:846} INFO - 
================================================================================
DAG File Processing Stats

File Path                                  PID    Runtime      # DAGs    # Errors  Last Runtime    Last Run
-----------------------------------------  -----  ---------  --------  ----------  --------------  -------------------
/home/haldia/office/dags/our_first_dag.py                           1           0  0.10s           2022-11-03T12:13:17
================================================================================
[2022-11-03T17:43:47.329+0530] {manager.py:846} INFO - 
================================================================================
DAG File Processing Stats

File Path                                  PID    Runtime      # DAGs    # Errors  Last Runtime    Last Run
-----------------------------------------  -----  ---------  --------  ----------  --------------  -------------------
/home/haldia/office/dags/our_first_dag.py                           1           0  0.10s           2022-11-03T12:13:47
================================================================================
[2022-11-03T17:44:17.612+0530] {manager.py:846} INFO - 
================================================================================
DAG File Processing Stats

File Path                                  PID    Runtime      # DAGs    # Errors  Last Runtime    Last Run
-----------------------------------------  -----  ---------  --------  ----------  --------------  -------------------
/home/haldia/office/dags/our_first_dag.py                           1           0  0.10s           2022-11-03T12:14:17
================================================================================
[2022-11-03T17:44:47.901+0530] {manager.py:846} INFO - 
================================================================================
DAG File Processing Stats

File Path                                  PID    Runtime      # DAGs    # Errors  Last Runtime    Last Run
-----------------------------------------  -----  ---------  --------  ----------  --------------  -------------------
/home/haldia/office/dags/our_first_dag.py                           1           0  0.10s           2022-11-03T12:14:47
================================================================================
[2022-11-03T17:45:18.181+0530] {manager.py:846} INFO - 
================================================================================
DAG File Processing Stats

File Path                                  PID    Runtime      # DAGs    # Errors  Last Runtime    Last Run
-----------------------------------------  -----  ---------  --------  ----------  --------------  -------------------
/home/haldia/office/dags/our_first_dag.py                           1           0  0.10s           2022-11-03T12:15:18
================================================================================
[2022-11-03T17:45:31.667+0530] {manager.py:724} INFO - Searching for files in /home/haldia/office/dags
[2022-11-03T17:45:31.668+0530] {manager.py:727} INFO - There are 1 files in /home/haldia/office/dags
[2022-11-03T17:45:48.279+0530] {manager.py:846} INFO - 
================================================================================
DAG File Processing Stats

File Path                                  PID    Runtime      # DAGs    # Errors  Last Runtime    Last Run
-----------------------------------------  -----  ---------  --------  ----------  --------------  -------------------
/home/haldia/office/dags/our_first_dag.py                           1           0  0.10s           2022-11-03T12:15:48
================================================================================
[2022-11-03T17:46:18.763+0530] {manager.py:846} INFO - 
================================================================================
DAG File Processing Stats

File Path                                  PID    Runtime      # DAGs    # Errors  Last Runtime    Last Run
-----------------------------------------  -----  ---------  --------  ----------  --------------  -------------------
/home/haldia/office/dags/our_first_dag.py                           1           0  0.10s           2022-11-03T12:16:18
================================================================================
[2022-11-03T17:46:49.060+0530] {manager.py:846} INFO - 
================================================================================
DAG File Processing Stats

File Path                                  PID    Runtime      # DAGs    # Errors  Last Runtime    Last Run
-----------------------------------------  -----  ---------  --------  ----------  --------------  -------------------
/home/haldia/office/dags/our_first_dag.py                           1           0  0.11s           2022-11-03T12:16:49
================================================================================
[2022-11-03T17:47:19.087+0530] {manager.py:846} INFO - 
================================================================================
DAG File Processing Stats

File Path                                  PID    Runtime      # DAGs    # Errors  Last Runtime    Last Run
-----------------------------------------  -----  ---------  --------  ----------  --------------  -------------------
/home/haldia/office/dags/our_first_dag.py                           1           0  0.10s           2022-11-03T12:17:19
================================================================================
[2022-11-03T17:47:49.518+0530] {manager.py:846} INFO - 
================================================================================
DAG File Processing Stats

File Path                                  PID    Runtime      # DAGs    # Errors  Last Runtime    Last Run
-----------------------------------------  -----  ---------  --------  ----------  --------------  -------------------
/home/haldia/office/dags/our_first_dag.py                           1           0  0.10s           2022-11-03T12:17:49
================================================================================
[2022-11-03T17:48:19.683+0530] {manager.py:846} INFO - 
================================================================================
DAG File Processing Stats

File Path                                  PID    Runtime      # DAGs    # Errors  Last Runtime    Last Run
-----------------------------------------  -----  ---------  --------  ----------  --------------  -------------------
/home/haldia/office/dags/our_first_dag.py                           1           0  0.10s           2022-11-03T12:18:19
================================================================================
[2022-11-03T17:48:50.238+0530] {manager.py:846} INFO - 
================================================================================
DAG File Processing Stats

File Path                                  PID    Runtime      # DAGs    # Errors  Last Runtime    Last Run
-----------------------------------------  -----  ---------  --------  ----------  --------------  -------------------
/home/haldia/office/dags/our_first_dag.py                           1           0  0.10s           2022-11-03T12:18:50
================================================================================
[2022-11-03T17:49:20.533+0530] {manager.py:846} INFO - 
================================================================================
DAG File Processing Stats

File Path                                  PID    Runtime      # DAGs    # Errors  Last Runtime    Last Run
-----------------------------------------  -----  ---------  --------  ----------  --------------  -------------------
/home/haldia/office/dags/our_first_dag.py                           1           0  0.11s           2022-11-03T12:19:20
================================================================================
[2022-11-03T17:49:50.820+0530] {manager.py:846} INFO - 
================================================================================
DAG File Processing Stats

File Path                                  PID    Runtime      # DAGs    # Errors  Last Runtime    Last Run
-----------------------------------------  -----  ---------  --------  ----------  --------------  -------------------
/home/haldia/office/dags/our_first_dag.py                           1           0  0.10s           2022-11-03T12:19:50
================================================================================
[2022-11-03T17:50:20.870+0530] {manager.py:846} INFO - 
================================================================================
DAG File Processing Stats

File Path                                  PID    Runtime      # DAGs    # Errors  Last Runtime    Last Run
-----------------------------------------  -----  ---------  --------  ----------  --------------  -------------------
/home/haldia/office/dags/our_first_dag.py                           1           0  0.10s           2022-11-03T12:20:20
================================================================================
[2022-11-03T17:50:31.826+0530] {manager.py:724} INFO - Searching for files in /home/haldia/office/dags
[2022-11-03T17:50:31.827+0530] {manager.py:727} INFO - There are 1 files in /home/haldia/office/dags
[2022-11-03T17:50:51.179+0530] {manager.py:846} INFO - 
================================================================================
DAG File Processing Stats

File Path                                  PID    Runtime      # DAGs    # Errors  Last Runtime    Last Run
-----------------------------------------  -----  ---------  --------  ----------  --------------  -------------------
/home/haldia/office/dags/our_first_dag.py                           1           0  0.10s           2022-11-03T12:20:51
================================================================================
[2022-11-03T17:51:21.762+0530] {manager.py:846} INFO - 
================================================================================
DAG File Processing Stats

File Path                                  PID    Runtime      # DAGs    # Errors  Last Runtime    Last Run
-----------------------------------------  -----  ---------  --------  ----------  --------------  -------------------
/home/haldia/office/dags/our_first_dag.py                           1           0  0.10s           2022-11-03T12:21:21
================================================================================
[2022-11-03T17:51:51.776+0530] {manager.py:846} INFO - 
================================================================================
DAG File Processing Stats

File Path                                  PID    Runtime      # DAGs    # Errors  Last Runtime    Last Run
-----------------------------------------  -----  ---------  --------  ----------  --------------  -------------------
/home/haldia/office/dags/our_first_dag.py                           1           0  0.10s           2022-11-03T12:21:51
================================================================================
[2022-11-03T17:52:22.332+0530] {manager.py:846} INFO - 
================================================================================
DAG File Processing Stats

File Path                                  PID    Runtime      # DAGs    # Errors  Last Runtime    Last Run
-----------------------------------------  -----  ---------  --------  ----------  --------------  -------------------
/home/haldia/office/dags/our_first_dag.py                           1           0  0.10s           2022-11-03T12:22:22
================================================================================
[2022-11-03T17:52:52.350+0530] {manager.py:846} INFO - 
================================================================================
DAG File Processing Stats

File Path                                  PID    Runtime      # DAGs    # Errors  Last Runtime    Last Run
-----------------------------------------  -----  ---------  --------  ----------  --------------  -------------------
/home/haldia/office/dags/our_first_dag.py                           1           0  0.11s           2022-11-03T12:22:52
================================================================================
[2022-11-03T17:53:22.936+0530] {manager.py:846} INFO - 
================================================================================
DAG File Processing Stats

File Path                                  PID    Runtime      # DAGs    # Errors  Last Runtime    Last Run
-----------------------------------------  -----  ---------  --------  ----------  --------------  -------------------
/home/haldia/office/dags/our_first_dag.py                           1           0  0.10s           2022-11-03T12:23:22
================================================================================
[2022-11-03T17:53:52.967+0530] {manager.py:846} INFO - 
================================================================================
DAG File Processing Stats

File Path                                  PID    Runtime      # DAGs    # Errors  Last Runtime    Last Run
-----------------------------------------  -----  ---------  --------  ----------  --------------  -------------------
/home/haldia/office/dags/our_first_dag.py                           1           0  0.10s           2022-11-03T12:23:52
================================================================================
[2022-11-03T17:54:23.540+0530] {manager.py:846} INFO - 
================================================================================
DAG File Processing Stats

File Path                                  PID    Runtime      # DAGs    # Errors  Last Runtime    Last Run
-----------------------------------------  -----  ---------  --------  ----------  --------------  -------------------
/home/haldia/office/dags/our_first_dag.py                           1           0  0.10s           2022-11-03T12:24:23
================================================================================
[2022-11-03T17:54:53.842+0530] {manager.py:846} INFO - 
================================================================================
DAG File Processing Stats

File Path                                  PID    Runtime      # DAGs    # Errors  Last Runtime    Last Run
-----------------------------------------  -----  ---------  --------  ----------  --------------  -------------------
/home/haldia/office/dags/our_first_dag.py                           1           0  0.11s           2022-11-03T12:24:53
================================================================================
[2022-11-03T17:55:23.882+0530] {manager.py:846} INFO - 
================================================================================
DAG File Processing Stats

File Path                                  PID    Runtime      # DAGs    # Errors  Last Runtime    Last Run
-----------------------------------------  -----  ---------  --------  ----------  --------------  -------------------
/home/haldia/office/dags/our_first_dag.py                           1           0  0.10s           2022-11-03T12:25:23
================================================================================
[2022-11-03T17:55:31.973+0530] {manager.py:724} INFO - Searching for files in /home/haldia/office/dags
[2022-11-03T17:55:31.976+0530] {manager.py:727} INFO - There are 1 files in /home/haldia/office/dags
[2022-11-03T17:55:54.467+0530] {manager.py:846} INFO - 
================================================================================
DAG File Processing Stats

File Path                                  PID    Runtime      # DAGs    # Errors  Last Runtime    Last Run
-----------------------------------------  -----  ---------  --------  ----------  --------------  -------------------
/home/haldia/office/dags/our_first_dag.py                           1           0  0.10s           2022-11-03T12:25:54
================================================================================
[2022-11-03T17:56:24.777+0530] {manager.py:846} INFO - 
================================================================================
DAG File Processing Stats

File Path                                  PID    Runtime      # DAGs    # Errors  Last Runtime    Last Run
-----------------------------------------  -----  ---------  --------  ----------  --------------  -------------------
/home/haldia/office/dags/our_first_dag.py                           1           0  0.11s           2022-11-03T12:26:24
================================================================================
[2022-11-03T17:56:55.071+0530] {manager.py:846} INFO - 
================================================================================
DAG File Processing Stats

File Path                                  PID    Runtime      # DAGs    # Errors  Last Runtime    Last Run
-----------------------------------------  -----  ---------  --------  ----------  --------------  -------------------
/home/haldia/office/dags/our_first_dag.py                           1           0  0.10s           2022-11-03T12:26:55
================================================================================
[2022-11-03T17:57:25.109+0530] {manager.py:846} INFO - 
================================================================================
DAG File Processing Stats

File Path                                  PID    Runtime      # DAGs    # Errors  Last Runtime    Last Run
-----------------------------------------  -----  ---------  --------  ----------  --------------  -------------------
/home/haldia/office/dags/our_first_dag.py                           1           0  0.10s           2022-11-03T12:27:25
================================================================================
[2022-11-03T17:57:55.690+0530] {manager.py:846} INFO - 
================================================================================
DAG File Processing Stats

File Path                                  PID    Runtime      # DAGs    # Errors  Last Runtime    Last Run
-----------------------------------------  -----  ---------  --------  ----------  --------------  -------------------
/home/haldia/office/dags/our_first_dag.py                           1           0  0.10s           2022-11-03T12:27:55
================================================================================
[2022-11-03T17:58:25.729+0530] {manager.py:846} INFO - 
================================================================================
DAG File Processing Stats

File Path                                  PID    Runtime      # DAGs    # Errors  Last Runtime    Last Run
-----------------------------------------  -----  ---------  --------  ----------  --------------  -------------------
/home/haldia/office/dags/our_first_dag.py                           1           0  0.10s           2022-11-03T12:28:25
================================================================================
[2022-11-03T17:58:56.294+0530] {manager.py:846} INFO - 
================================================================================
DAG File Processing Stats

File Path                                  PID    Runtime      # DAGs    # Errors  Last Runtime    Last Run
-----------------------------------------  -----  ---------  --------  ----------  --------------  -------------------
/home/haldia/office/dags/our_first_dag.py                           1           0  0.10s           2022-11-03T12:28:56
================================================================================
[2022-11-03T17:59:26.319+0530] {manager.py:846} INFO - 
================================================================================
DAG File Processing Stats

File Path                                  PID    Runtime      # DAGs    # Errors  Last Runtime    Last Run
-----------------------------------------  -----  ---------  --------  ----------  --------------  -------------------
/home/haldia/office/dags/our_first_dag.py                           1           0  0.10s           2022-11-03T12:29:26
================================================================================
[2022-11-03T17:59:56.654+0530] {manager.py:846} INFO - 
================================================================================
DAG File Processing Stats

File Path                                  PID    Runtime      # DAGs    # Errors  Last Runtime    Last Run
-----------------------------------------  -----  ---------  --------  ----------  --------------  -------------------
/home/haldia/office/dags/our_first_dag.py                           1           0  0.10s           2022-11-03T12:29:56
================================================================================
[2022-11-03T18:00:27.204+0530] {manager.py:846} INFO - 
================================================================================
DAG File Processing Stats

File Path                                  PID    Runtime      # DAGs    # Errors  Last Runtime    Last Run
-----------------------------------------  -----  ---------  --------  ----------  --------------  -------------------
/home/haldia/office/dags/our_first_dag.py                           1           0  0.10s           2022-11-03T12:30:27
================================================================================
[2022-11-03T18:00:32.149+0530] {manager.py:724} INFO - Searching for files in /home/haldia/office/dags
[2022-11-03T18:00:32.152+0530] {manager.py:727} INFO - There are 1 files in /home/haldia/office/dags
[2022-11-03T18:00:57.221+0530] {manager.py:846} INFO - 
================================================================================
DAG File Processing Stats

File Path                                  PID    Runtime      # DAGs    # Errors  Last Runtime    Last Run
-----------------------------------------  -----  ---------  --------  ----------  --------------  -------------------
/home/haldia/office/dags/our_first_dag.py                           1           0  0.10s           2022-11-03T12:30:57
================================================================================
[2022-11-03T18:01:27.686+0530] {manager.py:846} INFO - 
================================================================================
DAG File Processing Stats

File Path                                  PID    Runtime      # DAGs    # Errors  Last Runtime    Last Run
-----------------------------------------  -----  ---------  --------  ----------  --------------  -------------------
/home/haldia/office/dags/our_first_dag.py                           1           0  0.10s           2022-11-03T12:31:27
================================================================================
[2022-11-03T18:01:57.941+0530] {manager.py:846} INFO - 
================================================================================
DAG File Processing Stats

File Path                                  PID    Runtime      # DAGs    # Errors  Last Runtime    Last Run
-----------------------------------------  -----  ---------  --------  ----------  --------------  -------------------
/home/haldia/office/dags/our_first_dag.py                           1           0  0.11s           2022-11-03T12:31:57
================================================================================
[2022-11-03T18:18:06.008+0530] {manager.py:520} INFO - DAG our_first_dag_112d is missing and will be deactivated.
[2022-11-03T18:18:06.011+0530] {manager.py:530} INFO - Deactivated 1 DAGs which are no longer present in file.
[2022-11-03T18:18:06.014+0530] {manager.py:534} INFO - Deleted DAG our_first_dag_112d in serialized_dag table
[2022-11-03T18:18:06.016+0530] {manager.py:724} INFO - Searching for files in /home/haldia/office/dags
[2022-11-03T18:18:06.017+0530] {manager.py:727} INFO - There are 1 files in /home/haldia/office/dags
[2022-11-03T18:18:19.064+0530] {manager.py:846} INFO - 
================================================================================
DAG File Processing Stats

File Path                                  PID    Runtime      # DAGs    # Errors  Last Runtime    Last Run
-----------------------------------------  -----  ---------  --------  ----------  --------------  -------------------
/home/haldia/office/dags/our_first_dag.py                           1           0  0.10s           2022-11-03T12:48:19
================================================================================
[2022-11-03T18:18:49.825+0530] {manager.py:846} INFO - 
================================================================================
DAG File Processing Stats

File Path                                  PID    Runtime      # DAGs    # Errors  Last Runtime    Last Run
-----------------------------------------  -----  ---------  --------  ----------  --------------  -------------------
/home/haldia/office/dags/our_first_dag.py                           1           0  0.10s           2022-11-03T12:48:49
================================================================================
[2022-11-03T18:19:20.641+0530] {manager.py:846} INFO - 
================================================================================
DAG File Processing Stats

File Path                                  PID    Runtime      # DAGs    # Errors  Last Runtime    Last Run
-----------------------------------------  -----  ---------  --------  ----------  --------------  -------------------
/home/haldia/office/dags/our_first_dag.py                           1           0  0.10s           2022-11-03T12:49:20
================================================================================
[2022-11-03T18:19:50.920+0530] {manager.py:846} INFO - 
================================================================================
DAG File Processing Stats

File Path                                  PID    Runtime      # DAGs    # Errors  Last Runtime    Last Run
-----------------------------------------  -----  ---------  --------  ----------  --------------  -------------------
/home/haldia/office/dags/our_first_dag.py                           1           0  0.10s           2022-11-03T12:49:50
================================================================================
[2022-11-03T18:20:21.222+0530] {manager.py:846} INFO - 
================================================================================
DAG File Processing Stats

File Path                                  PID    Runtime      # DAGs    # Errors  Last Runtime    Last Run
-----------------------------------------  -----  ---------  --------  ----------  --------------  -------------------
/home/haldia/office/dags/our_first_dag.py                           1           0  0.10s           2022-11-03T12:50:21
================================================================================
[2022-11-03T18:20:51.501+0530] {manager.py:846} INFO - 
================================================================================
DAG File Processing Stats

File Path                                  PID    Runtime      # DAGs    # Errors  Last Runtime    Last Run
-----------------------------------------  -----  ---------  --------  ----------  --------------  -------------------
/home/haldia/office/dags/our_first_dag.py                           1           0  0.10s           2022-11-03T12:50:51
================================================================================
[2022-11-03T18:21:21.798+0530] {manager.py:846} INFO - 
================================================================================
DAG File Processing Stats

File Path                                  PID    Runtime      # DAGs    # Errors  Last Runtime    Last Run
-----------------------------------------  -----  ---------  --------  ----------  --------------  -------------------
/home/haldia/office/dags/our_first_dag.py                           1           0  0.10s           2022-11-03T12:51:21
================================================================================
[2022-11-03T18:21:52.100+0530] {manager.py:846} INFO - 
================================================================================
DAG File Processing Stats

File Path                                  PID    Runtime      # DAGs    # Errors  Last Runtime    Last Run
-----------------------------------------  -----  ---------  --------  ----------  --------------  -------------------
/home/haldia/office/dags/our_first_dag.py                           1           0  0.10s           2022-11-03T12:51:52
================================================================================
[2022-11-03T18:22:22.401+0530] {manager.py:846} INFO - 
================================================================================
DAG File Processing Stats

File Path                                  PID    Runtime      # DAGs    # Errors  Last Runtime    Last Run
-----------------------------------------  -----  ---------  --------  ----------  --------------  -------------------
/home/haldia/office/dags/our_first_dag.py                           1           0  0.10s           2022-11-03T12:52:22
================================================================================
[2022-11-03T18:22:52.679+0530] {manager.py:846} INFO - 
================================================================================
DAG File Processing Stats

File Path                                  PID    Runtime      # DAGs    # Errors  Last Runtime    Last Run
-----------------------------------------  -----  ---------  --------  ----------  --------------  -------------------
/home/haldia/office/dags/our_first_dag.py                           1           0  0.10s           2022-11-03T12:52:52
================================================================================
[2022-11-03T18:23:06.597+0530] {manager.py:724} INFO - Searching for files in /home/haldia/office/dags
[2022-11-03T18:23:06.598+0530] {manager.py:727} INFO - There are 1 files in /home/haldia/office/dags
[2022-11-03T18:35:04.117+0530] {manager.py:724} INFO - Searching for files in /home/haldia/office/dags
[2022-11-03T18:35:04.118+0530] {manager.py:727} INFO - There are 1 files in /home/haldia/office/dags
[2022-11-03T18:35:05.368+0530] {manager.py:846} INFO - 
================================================================================
DAG File Processing Stats

File Path                                  PID    Runtime      # DAGs    # Errors  Last Runtime    Last Run
-----------------------------------------  -----  ---------  --------  ----------  --------------  -------------------
/home/haldia/office/dags/our_first_dag.py                           1           0  0.10s           2022-11-03T13:05:05
================================================================================
[2022-11-03T18:35:35.910+0530] {manager.py:846} INFO - 
================================================================================
DAG File Processing Stats

File Path                                  PID    Runtime      # DAGs    # Errors  Last Runtime    Last Run
-----------------------------------------  -----  ---------  --------  ----------  --------------  -------------------
/home/haldia/office/dags/our_first_dag.py                           1           0  0.10s           2022-11-03T13:05:35
================================================================================
[2022-11-03T18:36:05.926+0530] {manager.py:846} INFO - 
================================================================================
DAG File Processing Stats

File Path                                  PID    Runtime      # DAGs    # Errors  Last Runtime    Last Run
-----------------------------------------  -----  ---------  --------  ----------  --------------  -------------------
/home/haldia/office/dags/our_first_dag.py                           1           0  0.10s           2022-11-03T13:06:05
================================================================================
[2022-11-03T18:36:36.211+0530] {manager.py:846} INFO - 
================================================================================
DAG File Processing Stats

File Path                                  PID    Runtime      # DAGs    # Errors  Last Runtime    Last Run
-----------------------------------------  -----  ---------  --------  ----------  --------------  -------------------
/home/haldia/office/dags/our_first_dag.py                           1           0  0.10s           2022-11-03T13:06:36
================================================================================
[2022-11-03T18:37:06.800+0530] {manager.py:846} INFO - 
================================================================================
DAG File Processing Stats

File Path                                  PID    Runtime      # DAGs    # Errors  Last Runtime    Last Run
-----------------------------------------  -----  ---------  --------  ----------  --------------  -------------------
/home/haldia/office/dags/our_first_dag.py                           1           0  0.10s           2022-11-03T13:07:06
================================================================================
[2022-11-03T18:37:37.076+0530] {manager.py:846} INFO - 
================================================================================
DAG File Processing Stats

File Path                                  PID    Runtime      # DAGs    # Errors  Last Runtime    Last Run
-----------------------------------------  -----  ---------  --------  ----------  --------------  -------------------
/home/haldia/office/dags/our_first_dag.py                           1           0  0.11s           2022-11-03T13:07:37
================================================================================
[2022-11-03T18:38:07.388+0530] {manager.py:846} INFO - 
================================================================================
DAG File Processing Stats

File Path                                  PID    Runtime      # DAGs    # Errors  Last Runtime    Last Run
-----------------------------------------  -----  ---------  --------  ----------  --------------  -------------------
/home/haldia/office/dags/our_first_dag.py                           1           0  0.10s           2022-11-03T13:08:07
================================================================================
[2022-11-03T18:38:37.431+0530] {manager.py:846} INFO - 
================================================================================
DAG File Processing Stats

File Path                                  PID    Runtime      # DAGs    # Errors  Last Runtime    Last Run
-----------------------------------------  -----  ---------  --------  ----------  --------------  -------------------
/home/haldia/office/dags/our_first_dag.py                           1           0  0.10s           2022-11-03T13:08:37
================================================================================
[2022-11-03T18:39:07.872+0530] {manager.py:846} INFO - 
================================================================================
DAG File Processing Stats

File Path                                  PID    Runtime      # DAGs    # Errors  Last Runtime    Last Run
-----------------------------------------  -----  ---------  --------  ----------  --------------  -------------------
/home/haldia/office/dags/our_first_dag.py                           1           0  0.10s           2022-11-03T13:09:07
================================================================================
[2022-11-03T18:39:38.144+0530] {manager.py:846} INFO - 
================================================================================
DAG File Processing Stats

File Path                                  PID    Runtime      # DAGs    # Errors  Last Runtime    Last Run
-----------------------------------------  -----  ---------  --------  ----------  --------------  -------------------
/home/haldia/office/dags/our_first_dag.py                           1           0  0.10s           2022-11-03T13:09:38
================================================================================
[2022-11-08T12:31:22.484+0530] {manager.py:483} INFO - Processing files using up to 1 processes at a time 
[2022-11-08T12:31:22.485+0530] {manager.py:484} INFO - Process each file at most once every 30 seconds
[2022-11-08T12:31:22.485+0530] {manager.py:485} INFO - Checking for new files in /home/haldia/office/dags every 300 seconds
[2022-11-08T12:31:22.485+0530] {manager.py:724} INFO - Searching for files in /home/haldia/office/dags
[2022-11-08T12:31:22.486+0530] {manager.py:727} INFO - There are 2 files in /home/haldia/office/dags
[2022-11-08T12:31:22.718+0530] {manager.py:846} INFO - 
================================================================================
DAG File Processing Stats

File Path                                                 PID    Runtime      # DAGs    # Errors  Last Runtime    Last Run
--------------------------------------------------------  -----  ---------  --------  ----------  --------------  -------------------
/home/haldia/office/dags/our_first_dag.py                                          0           0
/home/haldia/office/dags/first_script_Python_operator.py                           1           0  0.20s           2022-11-08T07:01:22
================================================================================
[2022-11-08T12:31:52.741+0530] {manager.py:846} INFO - 
================================================================================
DAG File Processing Stats

File Path                                                 PID    Runtime      # DAGs    # Errors  Last Runtime    Last Run
--------------------------------------------------------  -----  ---------  --------  ----------  --------------  -------------------
/home/haldia/office/dags/first_script_Python_operator.py                           1           0  0.10s           2022-11-08T07:01:52
/home/haldia/office/dags/our_first_dag.py                                          1           0  0.10s           2022-11-08T07:01:23
================================================================================
[2022-11-08T12:32:22.998+0530] {manager.py:846} INFO - 
================================================================================
DAG File Processing Stats

File Path                                                 PID    Runtime      # DAGs    # Errors  Last Runtime    Last Run
--------------------------------------------------------  -----  ---------  --------  ----------  --------------  -------------------
/home/haldia/office/dags/first_script_Python_operator.py                           1           0  0.10s           2022-11-08T07:02:22
/home/haldia/office/dags/our_first_dag.py                                          1           0  0.10s           2022-11-08T07:01:55
================================================================================
[2022-11-08T12:32:53.267+0530] {manager.py:846} INFO - 
================================================================================
DAG File Processing Stats

File Path                                                 PID    Runtime      # DAGs    # Errors  Last Runtime    Last Run
--------------------------------------------------------  -----  ---------  --------  ----------  --------------  -------------------
/home/haldia/office/dags/first_script_Python_operator.py                           1           0  0.11s           2022-11-08T07:02:53
/home/haldia/office/dags/our_first_dag.py                                          1           0  0.10s           2022-11-08T07:02:27
================================================================================
[2022-11-08T12:33:23.542+0530] {manager.py:846} INFO - 
================================================================================
DAG File Processing Stats

File Path                                                 PID    Runtime      # DAGs    # Errors  Last Runtime    Last Run
--------------------------------------------------------  -----  ---------  --------  ----------  --------------  -------------------
/home/haldia/office/dags/first_script_Python_operator.py                           1           0  0.10s           2022-11-08T07:03:23
/home/haldia/office/dags/our_first_dag.py                                          1           0  0.10s           2022-11-08T07:02:59
================================================================================
[2022-11-08T12:33:53.798+0530] {manager.py:846} INFO - 
================================================================================
DAG File Processing Stats

File Path                                                 PID    Runtime      # DAGs    # Errors  Last Runtime    Last Run
--------------------------------------------------------  -----  ---------  --------  ----------  --------------  -------------------
/home/haldia/office/dags/first_script_Python_operator.py                           1           0  0.10s           2022-11-08T07:03:53
/home/haldia/office/dags/our_first_dag.py                                          1           0  0.10s           2022-11-08T07:03:31
================================================================================
[2022-11-08T12:34:24.009+0530] {manager.py:846} INFO - 
================================================================================
DAG File Processing Stats

File Path                                                 PID    Runtime      # DAGs    # Errors  Last Runtime    Last Run
--------------------------------------------------------  -----  ---------  --------  ----------  --------------  -------------------
/home/haldia/office/dags/first_script_Python_operator.py                           1           0  0.10s           2022-11-08T07:04:24
/home/haldia/office/dags/our_first_dag.py                                          1           0  0.11s           2022-11-08T07:04:01
================================================================================
[2022-11-08T12:34:54.234+0530] {manager.py:846} INFO - 
================================================================================
DAG File Processing Stats

File Path                                                 PID    Runtime      # DAGs    # Errors  Last Runtime    Last Run
--------------------------------------------------------  -----  ---------  --------  ----------  --------------  -------------------
/home/haldia/office/dags/first_script_Python_operator.py                           1           0  0.10s           2022-11-08T07:04:54
/home/haldia/office/dags/our_first_dag.py                                          1           0  0.11s           2022-11-08T07:04:32
================================================================================
[2022-11-08T12:35:24.643+0530] {manager.py:846} INFO - 
================================================================================
DAG File Processing Stats

File Path                                                 PID    Runtime      # DAGs    # Errors  Last Runtime    Last Run
--------------------------------------------------------  -----  ---------  --------  ----------  --------------  -------------------
/home/haldia/office/dags/first_script_Python_operator.py                           1           0  0.21s           2022-11-08T07:05:24
/home/haldia/office/dags/our_first_dag.py                                          1           0  0.10s           2022-11-08T07:05:03
================================================================================
[2022-11-08T12:35:54.921+0530] {manager.py:846} INFO - 
================================================================================
DAG File Processing Stats

File Path                                                 PID    Runtime      # DAGs    # Errors  Last Runtime    Last Run
--------------------------------------------------------  -----  ---------  --------  ----------  --------------  -------------------
/home/haldia/office/dags/first_script_Python_operator.py                           1           0  0.20s           2022-11-08T07:05:54
/home/haldia/office/dags/our_first_dag.py                                          1           0  0.21s           2022-11-08T07:05:34
================================================================================
[2022-11-08T12:36:22.496+0530] {manager.py:724} INFO - Searching for files in /home/haldia/office/dags
[2022-11-08T12:36:22.497+0530] {manager.py:727} INFO - There are 2 files in /home/haldia/office/dags
[2022-11-08T12:36:25.324+0530] {manager.py:846} INFO - 
================================================================================
DAG File Processing Stats

File Path                                                 PID    Runtime      # DAGs    # Errors  Last Runtime    Last Run
--------------------------------------------------------  -----  ---------  --------  ----------  --------------  -------------------
/home/haldia/office/dags/first_script_Python_operator.py                           1           0  0.10s           2022-11-08T07:06:25
/home/haldia/office/dags/our_first_dag.py                                          1           0  0.21s           2022-11-08T07:06:06
================================================================================
[2022-11-08T12:36:55.810+0530] {manager.py:846} INFO - 
================================================================================
DAG File Processing Stats

File Path                                                 PID    Runtime      # DAGs    # Errors  Last Runtime    Last Run
--------------------------------------------------------  -----  ---------  --------  ----------  --------------  -------------------
/home/haldia/office/dags/first_script_Python_operator.py                           1           0  0.20s           2022-11-08T07:06:55
/home/haldia/office/dags/our_first_dag.py                                          1           0  0.21s           2022-11-08T07:06:36
================================================================================
[2022-11-08T12:37:26.122+0530] {manager.py:846} INFO - 
================================================================================
DAG File Processing Stats

File Path                                                 PID    Runtime      # DAGs    # Errors  Last Runtime    Last Run
--------------------------------------------------------  -----  ---------  --------  ----------  --------------  -------------------
/home/haldia/office/dags/first_script_Python_operator.py                           1           0  0.21s           2022-11-08T07:07:26
/home/haldia/office/dags/our_first_dag.py                                          1           0  0.21s           2022-11-08T07:07:08
================================================================================
[2022-11-08T12:37:56.469+0530] {manager.py:846} INFO - 
================================================================================
DAG File Processing Stats

File Path                                                 PID    Runtime      # DAGs    # Errors  Last Runtime    Last Run
--------------------------------------------------------  -----  ---------  --------  ----------  --------------  -------------------
/home/haldia/office/dags/first_script_Python_operator.py                           1           0  0.20s           2022-11-08T07:07:56
/home/haldia/office/dags/our_first_dag.py                                          1           0  0.20s           2022-11-08T07:07:39
================================================================================
[2022-11-08T12:38:26.781+0530] {manager.py:846} INFO - 
================================================================================
DAG File Processing Stats

File Path                                                 PID    Runtime      # DAGs    # Errors  Last Runtime    Last Run
--------------------------------------------------------  -----  ---------  --------  ----------  --------------  -------------------
/home/haldia/office/dags/first_script_Python_operator.py                           1           0  0.21s           2022-11-08T07:08:26
/home/haldia/office/dags/our_first_dag.py                                          1           0  0.20s           2022-11-08T07:08:11
================================================================================
[2022-11-08T12:38:57.197+0530] {manager.py:846} INFO - 
================================================================================
DAG File Processing Stats

File Path                                                 PID    Runtime      # DAGs    # Errors  Last Runtime    Last Run
--------------------------------------------------------  -----  ---------  --------  ----------  --------------  -------------------
/home/haldia/office/dags/first_script_Python_operator.py                           1           0  0.21s           2022-11-08T07:08:57
/home/haldia/office/dags/our_first_dag.py                                          1           0  0.21s           2022-11-08T07:08:42
================================================================================
[2022-11-08T12:39:27.443+0530] {manager.py:846} INFO - 
================================================================================
DAG File Processing Stats

File Path                                                 PID    Runtime      # DAGs    # Errors  Last Runtime    Last Run
--------------------------------------------------------  -----  ---------  --------  ----------  --------------  -------------------
/home/haldia/office/dags/first_script_Python_operator.py                           1           0  0.21s           2022-11-08T07:09:27
/home/haldia/office/dags/our_first_dag.py                                          1           0  0.20s           2022-11-08T07:09:14
================================================================================
[2022-11-08T12:39:57.734+0530] {manager.py:846} INFO - 
================================================================================
DAG File Processing Stats

File Path                                                 PID    Runtime      # DAGs    # Errors  Last Runtime    Last Run
--------------------------------------------------------  -----  ---------  --------  ----------  --------------  -------------------
/home/haldia/office/dags/first_script_Python_operator.py                           1           0  0.20s           2022-11-08T07:09:57
/home/haldia/office/dags/our_first_dag.py                                          1           0  0.21s           2022-11-08T07:09:45
================================================================================
[2022-11-08T12:40:27.767+0530] {manager.py:846} INFO - 
================================================================================
DAG File Processing Stats

File Path                                                 PID    Runtime      # DAGs    # Errors  Last Runtime    Last Run
--------------------------------------------------------  -----  ---------  --------  ----------  --------------  -------------------
/home/haldia/office/dags/first_script_Python_operator.py                           1           0  0.20s           2022-11-08T07:10:27
/home/haldia/office/dags/our_first_dag.py                                          1           0  0.21s           2022-11-08T07:10:17
================================================================================
[2022-11-08T12:40:58.711+0530] {manager.py:846} INFO - 
================================================================================
DAG File Processing Stats

File Path                                                 PID    Runtime      # DAGs    # Errors  Last Runtime    Last Run
--------------------------------------------------------  -----  ---------  --------  ----------  --------------  -------------------
/home/haldia/office/dags/first_script_Python_operator.py                           1           0  0.20s           2022-11-08T07:10:58
/home/haldia/office/dags/our_first_dag.py                                          1           0  0.21s           2022-11-08T07:10:48
================================================================================
[2022-11-08T12:41:22.636+0530] {manager.py:724} INFO - Searching for files in /home/haldia/office/dags
[2022-11-08T12:41:22.640+0530] {manager.py:727} INFO - There are 2 files in /home/haldia/office/dags
[2022-11-08T12:41:29.011+0530] {manager.py:846} INFO - 
================================================================================
DAG File Processing Stats

File Path                                                 PID    Runtime      # DAGs    # Errors  Last Runtime    Last Run
--------------------------------------------------------  -----  ---------  --------  ----------  --------------  -------------------
/home/haldia/office/dags/first_script_Python_operator.py                           1           0  0.10s           2022-11-08T07:11:29
/home/haldia/office/dags/our_first_dag.py                                          1           0  0.10s           2022-11-08T07:11:19
================================================================================
[2022-11-08T12:41:59.285+0530] {manager.py:846} INFO - 
================================================================================
DAG File Processing Stats

File Path                                                 PID    Runtime      # DAGs    # Errors  Last Runtime    Last Run
--------------------------------------------------------  -----  ---------  --------  ----------  --------------  -------------------
/home/haldia/office/dags/first_script_Python_operator.py                           1           0  0.10s           2022-11-08T07:11:59
/home/haldia/office/dags/our_first_dag.py                                          1           0  0.11s           2022-11-08T07:11:50
================================================================================
[2022-11-08T12:42:29.559+0530] {manager.py:846} INFO - 
================================================================================
DAG File Processing Stats

File Path                                                 PID    Runtime      # DAGs    # Errors  Last Runtime    Last Run
--------------------------------------------------------  -----  ---------  --------  ----------  --------------  -------------------
/home/haldia/office/dags/first_script_Python_operator.py                           1           0  0.10s           2022-11-08T07:12:29
/home/haldia/office/dags/our_first_dag.py                                          1           0  0.11s           2022-11-08T07:12:21
================================================================================
[2022-11-08T12:42:59.838+0530] {manager.py:846} INFO - 
================================================================================
DAG File Processing Stats

File Path                                                 PID    Runtime      # DAGs    # Errors  Last Runtime    Last Run
--------------------------------------------------------  -----  ---------  --------  ----------  --------------  -------------------
/home/haldia/office/dags/first_script_Python_operator.py                           1           0  0.10s           2022-11-08T07:12:59
/home/haldia/office/dags/our_first_dag.py                                          1           0  0.11s           2022-11-08T07:12:52
================================================================================
[2022-11-08T12:43:30.152+0530] {manager.py:846} INFO - 
================================================================================
DAG File Processing Stats

File Path                                                 PID    Runtime      # DAGs    # Errors  Last Runtime    Last Run
--------------------------------------------------------  -----  ---------  --------  ----------  --------------  -------------------
/home/haldia/office/dags/first_script_Python_operator.py                           1           0  0.10s           2022-11-08T07:13:30
/home/haldia/office/dags/our_first_dag.py                                          1           0  0.11s           2022-11-08T07:13:23
================================================================================
[2022-11-08T12:44:00.408+0530] {manager.py:846} INFO - 
================================================================================
DAG File Processing Stats

File Path                                                 PID    Runtime      # DAGs    # Errors  Last Runtime    Last Run
--------------------------------------------------------  -----  ---------  --------  ----------  --------------  -------------------
/home/haldia/office/dags/first_script_Python_operator.py                           1           0  0.10s           2022-11-08T07:14:00
/home/haldia/office/dags/our_first_dag.py                                          1           0  0.10s           2022-11-08T07:13:54
================================================================================
[2022-11-08T12:44:30.699+0530] {manager.py:846} INFO - 
================================================================================
DAG File Processing Stats

File Path                                                 PID    Runtime      # DAGs    # Errors  Last Runtime    Last Run
--------------------------------------------------------  -----  ---------  --------  ----------  --------------  -------------------
/home/haldia/office/dags/first_script_Python_operator.py                           1           0  0.10s           2022-11-08T07:14:30
/home/haldia/office/dags/our_first_dag.py                                          1           0  0.10s           2022-11-08T07:14:24
================================================================================
[2022-11-08T12:45:00.925+0530] {manager.py:846} INFO - 
================================================================================
DAG File Processing Stats

File Path                                                 PID    Runtime      # DAGs    # Errors  Last Runtime    Last Run
--------------------------------------------------------  -----  ---------  --------  ----------  --------------  -------------------
/home/haldia/office/dags/first_script_Python_operator.py                           1           0  0.11s           2022-11-08T07:15:00
/home/haldia/office/dags/our_first_dag.py                                          1           0  0.10s           2022-11-08T07:14:55
================================================================================
[2022-11-08T12:45:30.967+0530] {manager.py:846} INFO - 
================================================================================
DAG File Processing Stats

File Path                                                 PID    Runtime      # DAGs    # Errors  Last Runtime    Last Run
--------------------------------------------------------  -----  ---------  --------  ----------  --------------  -------------------
/home/haldia/office/dags/first_script_Python_operator.py                           1           0  0.10s           2022-11-08T07:15:30
/home/haldia/office/dags/our_first_dag.py                                          1           0  0.10s           2022-11-08T07:15:27
================================================================================
